<?xml version="1.0" encoding="UTF-8"?>
<!-- Generated by org.testng.reporters.JUnitXMLReporter -->
<testsuite hostname="QAP22-PC" ignored="0" name="Default test" tests="4" failures="0" timestamp="22 Jun 2018 08:39:24 GMT" time="0.047" errors="0">
  <testcase name="setData" time="0.015" classname="com.sample.Dataprovider"/>
  <testcase name="setData" time="0.0" classname="com.sample.Dataprovider"/>
  <testcase name="setData" time="0.0" classname="com.sample.Dataprovider"/>
  <testcase name="setData" time="0.0" classname="com.sample.Dataprovider"/>
</testsuite> <!-- Default test -->
